2025-01-14 16:32:47,968 :INFO : test_productpage :VR Headsets
2025-01-14 16:32:50,069 :INFO : test_productpage :getting all the card titles
2025-01-14 16:32:50,220 :INFO : test_productpage :Pico 4 Ultra Enterprise
2025-01-14 16:32:50,349 :INFO : test_productpage :Meta Quest 3 (512 GB) Work & EDU
2025-01-14 16:33:32,414 :INFO : test_productpage :User first name is:Rajat
2025-01-14 16:34:10,135 :INFO : test_productpage :Test Pass Rajat
2025-01-14 16:34:15,245 :INFO : test_productpage :getting all the card titles
2025-01-14 16:34:15,245 :INFO : test_productpage :getting all the card titles
2025-01-14 17:31:03,411 :INFO : test_productpage :VR Headsets
2025-01-14 17:31:05,182 :INFO : test_productpage :getting all the card titles
2025-01-14 17:31:05,422 :INFO : test_productpage :Pico 4 Ultra Enterprise
2025-01-14 17:31:05,499 :INFO : test_productpage :Meta Quest 3 (512 GB) Work & EDU
2025-01-14 17:31:30,761 :INFO : test_productpage :User first name is:Rajat
2025-01-14 17:31:53,210 :INFO : test_productpage :Test Pass Rajat
2025-01-14 17:31:58,269 :INFO : test_productpage :AR Headsets
2025-01-14 17:31:58,269 :INFO : test_productpage :AR Headsets
2025-01-14 17:32:01,656 :INFO : test_productpage :getting all the card titles
2025-01-14 17:32:01,656 :INFO : test_productpage :getting all the card titles
2025-01-14 17:32:01,792 :INFO : test_productpage :Magic Leap 2
2025-01-14 17:32:01,792 :INFO : test_productpage :Magic Leap 2
2025-01-14 17:32:01,858 :INFO : test_productpage :Microsoft Hololens 2
2025-01-14 17:32:01,858 :INFO : test_productpage :Microsoft Hololens 2
2025-01-14 17:32:01,901 :INFO : test_productpage :Microsoft HoloLens 2 Industrial Edition
2025-01-14 17:32:01,901 :INFO : test_productpage :Microsoft HoloLens 2 Industrial Edition
2025-01-14 17:32:01,945 :INFO : test_productpage :Vuzix Blade 2
2025-01-14 17:32:01,945 :INFO : test_productpage :Vuzix Blade 2
2025-01-14 17:32:01,988 :INFO : test_productpage :Vuzix M400
2025-01-14 17:32:01,988 :INFO : test_productpage :Vuzix M400
2025-01-14 17:32:02,007 :INFO : test_productpage :Vuzix M400C
2025-01-14 17:32:02,007 :INFO : test_productpage :Vuzix M400C
2025-01-14 17:32:02,021 :INFO : test_productpage :Lynx R1 Pro
2025-01-14 17:32:02,021 :INFO : test_productpage :Lynx R1 Pro
2025-01-14 17:32:02,035 :INFO : test_productpage :Moziware Cimo
2025-01-14 17:32:02,035 :INFO : test_productpage :Moziware Cimo
2025-01-14 17:32:28,289 :INFO : test_productpage :User first name is:Gaurav
2025-01-14 17:32:28,289 :INFO : test_productpage :User first name is:Gaurav
2025-01-14 17:32:50,368 :INFO : test_productpage :Test Pass Rajat
2025-01-14 17:32:50,368 :INFO : test_productpage :Test Pass Rajat
